   ResourceCompiler  32-bit
   Version 3.4.4.6289  Jan 31 2013 13:02:16
   
   Copyright (c) 2001-2011 Crytek GmbH. All rights reserved.
   
   Exe directory:
     "C:\Users\Sepp\Game Development\FINALLY DAWN\Finally.Dawn\Cryengine 3\Bin32\rc\"
   Temp directory:
     "C:\Users\Sepp\AppData\Local\Temp\"
   Current directory:
     "C:\Users\Sepp\Game Development\FINALLY DAWN\Finally.Dawn\Cryengine 3\Bin32\rc\"
   
   
   Command line:
     "Bin32/rc/rc.exe"
     "C:\Users\Sepp\Game Development\FINALLY DAWN\Finally.Dawn\Cryengine 3\game\levels\singleplayer\forest_winter\loading_winter_forest.tif"
     "/userdialog=0"
   
   Platforms specified in rc.ini:
     pc (little-endian)
     x360 (big-endian)
     ps3 (big-endian)
     wiiu (big-endian)
   
   Started at: Sun Mar 24 16:43:33 2013
    0:00 Memory: working set 5.1Mb (peak 5.1Mb), pagefile 3.4Mb (peak 3.5Mb)
    0:00 Registering sub compilers (ResourceCompiler*.dll)
    0:00 Searching for C:\Users\Sepp\Game Development\FINALLY DAWN\Finally.Dawn\Cryengine 3\Bin32\rc\ResourceCompiler*.dll
    0:00 Loading "C:\Users\Sepp\Game Development\FINALLY DAWN\Finally.Dawn\Cryengine 3\Bin32\rc\ResourceCompilerImage.dll"
    0:00   Loaded "ResourceCompilerImage.dll"
    0:00     Registered convertor for tif
    0:00     Registered convertor for srf
    0:00     Registered convertor for dds
    0:00 Loading "C:\Users\Sepp\Game Development\FINALLY DAWN\Finally.Dawn\Cryengine 3\Bin32\rc\ResourceCompilerPC.dll"
    0:00   Loaded "ResourceCompilerPC.dll"
    0:00     Registered convertor for cga, cgf
    0:00     Registered convertor for chunk
    0:00     Registered convertor for chr
    0:00     Registered convertor for caf, cba
    0:00     Registered convertor for dae, dae.zip
    0:00 Loading "C:\Users\Sepp\Game Development\FINALLY DAWN\Finally.Dawn\Cryengine 3\Bin32\rc\ResourceCompilerXML.dll"
    0:00   Loaded "ResourceCompilerXML.dll"
    0:00     Registered convertor for xml
    0:00 
    0:00 CryCompressorRC.dll loaded
    0:00     Registered convertor for pak, zip
    0:00 Memory: working set 9.6Mb (peak 9.6Mb), pagefile 7.3Mb (peak 7.3Mb)
    0:00 
    0:00 CPU cores: 6 available (6 in system).
    0:00 Logical processors: 6 available (6 in system).
    0:00 /processes was not specified. Not spawning processes.
    0:00 /threads was not specified. Using up to 1 thread.
    0:00 
    0:00 Memory: working set 9.6Mb (peak 9.6Mb), pagefile 7.3Mb (peak 7.3Mb)
    0:00 Spawning 1 thread
    0:00 
    0:00 CUDA hardware found
   1>  0:00 -------------------------------------------------------
   1>  0:00 File='loading_winter_forest.tif'
   1>  0:00    Processed DDS (2097152 bytes): loading_winter_forest.dds
   
   1 file processed in 0.1 sec.
   
   Memory: working set 12.8Mb (peak 38.9Mb), pagefile 10.1Mb (peak 36.3Mb)
   
   Finished at: Sun Mar 24 16:43:34 2013
